2025-10-12 20:44:00 | DEBUG | repo=pv243-a4m36jee-2016-clustering-seminar | action=test | passed=true
2025-12-06 15:09:00 | INFO | repo=pv243-a4m36jee-2016-clustering-seminar | action=commit
2025-09-12 13:22:00 | INFO | repo=pv243-a4m36jee-2016-clustering-seminar | action=commit
2025-11-04 15:12:00 | INFO | repo=pv243-a4m36jee-2016-clustering-seminar | action=commit
2025-09-13 16:42:00 | INFO | repo=pv243-a4m36jee-2016-clustering-seminar | action=commit
2025-12-03 21:33:00 | WARN | repo=pv243-a4m36jee-2016-clustering-seminar | action=test | passed=true
2025-04-10 08:09:00 | WARN | repo=pv243-a4m36jee-2016-clustering-seminar | action=commit
2025-05-27 14:11:00 | DEBUG | repo=pv243-a4m36jee-2016-clustering-seminar | action=pull
2025-10-21 15:42:00 | DEBUG | repo=pv243-a4m36jee-2016-clustering-seminar | action=commit
2025-08-12 18:19:00 | DEBUG | repo=pv243-a4m36jee-2016-clustering-seminar | action=commit
2025-09-28 09:09:00 | DEBUG | repo=pv243-a4m36jee-2016-clustering-seminar | action=test | passed=true
2025-08-21 15:54:00 | WARN | repo=pv243-a4m36jee-2016-clustering-seminar | action=commit
2025-02-21 13:44:00 | WARN | repo=pv243-a4m36jee-2016-clustering-seminar | action=commit
2025-09-18 08:49:00 | DEBUG | repo=pv243-a4m36jee-2016-clustering-seminar | action=test | passed=true
2025-04-25 14:29:00 | DEBUG | repo=pv243-a4m36jee-2016-clustering-seminar | action=commit
2025-02-10 15:22:00 | INFO | repo=pv243-a4m36jee-2016-clustering-seminar | action=commit
2025-01-08 08:42:00 | INFO | repo=pv243-a4m36jee-2016-clustering-seminar | action=commit
2025-11-05 21:14:00 | INFO | repo=pv243-a4m36jee-2016-clustering-seminar | action=commit
2025-12-20 20:39:00 | INFO | repo=pv243-a4m36jee-2016-clustering-seminar | action=commit
2025-02-08 14:10:00 | INFO | repo=pv243-a4m36jee-2016-clustering-seminar | action=pull
2025-07-08 13:37:00 | INFO | repo=pv243-a4m36jee-2016-clustering-seminar | action=edit | files=2
2025-07-06 12:05:00 | INFO | repo=pv243-a4m36jee-2016-clustering-seminar | action=pull
2025-06-12 19:50:00 | DEBUG | repo=pv243-a4m36jee-2016-clustering-seminar | action=commit
2025-02-20 19:12:00 | WARN | repo=pv243-a4m36jee-2016-clustering-seminar | action=commit
2025-01-18 21:47:00 | DEBUG | repo=pv243-a4m36jee-2016-clustering-seminar | action=commit
2025-06-26 20:34:00 | INFO | repo=pv243-a4m36jee-2016-clustering-seminar | action=test | passed=true
2025-09-18 13:52:00 | INFO | repo=pv243-a4m36jee-2016-clustering-seminar | action=test | passed=true
2025-05-12 17:18:00 | DEBUG | repo=pv243-a4m36jee-2016-clustering-seminar | action=commit
2025-09-26 21:52:00 | WARN | repo=pv243-a4m36jee-2016-clustering-seminar | action=commit
2025-07-28 10:18:00 | INFO | repo=pv243-a4m36jee-2016-clustering-seminar | action=commit
2025-04-01 08:45:00 | INFO | repo=pv243-a4m36jee-2016-clustering-seminar | action=commit
2025-10-07 07:38:00 | DEBUG | repo=pv243-a4m36jee-2016-clustering-seminar | action=commit
2025-01-01 16:17:00 | WARN | repo=pv243-a4m36jee-2016-clustering-seminar | action=commit
2025-09-27 08:45:00 | WARN | repo=pv243-a4m36jee-2016-clustering-seminar | action=commit
2025-03-09 14:19:00 | INFO | repo=pv243-a4m36jee-2016-clustering-seminar | action=commit
2025-02-02 17:23:00 | INFO | repo=pv243-a4m36jee-2016-clustering-seminar | action=pull
2025-02-12 14:18:00 | INFO | repo=pv243-a4m36jee-2016-clustering-seminar | action=commit
2025-07-27 18:01:00 | INFO | repo=pv243-a4m36jee-2016-clustering-seminar | action=commit
2025-07-15 12:37:00 | DEBUG | repo=pv243-a4m36jee-2016-clustering-seminar | action=commit
2025-03-09 09:36:00 | INFO | repo=pv243-a4m36jee-2016-clustering-seminar | action=commit
2025-09-08 21:05:00 | DEBUG | repo=pv243-a4m36jee-2016-clustering-seminar | action=commit
2025-11-28 15:59:00 | DEBUG | repo=pv243-a4m36jee-2016-clustering-seminar | action=commit
2025-10-28 19:56:00 | DEBUG | repo=pv243-a4m36jee-2016-clustering-seminar | action=pull
2025-10-02 15:48:00 | DEBUG | repo=pv243-a4m36jee-2016-clustering-seminar | action=commit
2025-09-13 15:27:00 | DEBUG | repo=pv243-a4m36jee-2016-clustering-seminar | action=commit
2025-09-14 18:25:00 | INFO | repo=pv243-a4m36jee-2016-clustering-seminar | action=commit
